{"/home/morris/Documents/JAVASCRIPT/todoList/src/addproject.js": {"path":"/home/morris/Documents/JAVASCRIPT/todoList/src/addproject.js","statementMap":{"0":{"start":{"line":2,"column":2},"end":{"line":6,"column":4}}},"fnMap":{"0":{"name":"createProject","decl":{"start":{"line":1,"column":9},"end":{"line":1,"column":22}},"loc":{"start":{"line":1,"column":29},"end":{"line":7,"column":1}},"line":1}},"branchMap":{},"s":{"0":2},"f":{"0":2},"b":{},"_coverageSchema":"1a1c01bbd47fc00a2c39e90264f33305004495a9","hash":"bab8db69572211a7c3910f93244eb725d81f522a"}
,"/home/morris/Documents/JAVASCRIPT/todoList/src/addtodo.js": {"path":"/home/morris/Documents/JAVASCRIPT/todoList/src/addtodo.js","statementMap":{"0":{"start":{"line":3,"column":4},"end":{"line":3,"column":23}},"1":{"start":{"line":4,"column":4},"end":{"line":4,"column":35}},"2":{"start":{"line":5,"column":4},"end":{"line":5,"column":23}},"3":{"start":{"line":6,"column":4},"end":{"line":6,"column":29}},"4":{"start":{"line":7,"column":4},"end":{"line":7,"column":36}}},"fnMap":{"0":{"name":"(anonymous_0)","decl":{"start":{"line":2,"column":2},"end":{"line":2,"column":3}},"loc":{"start":{"line":2,"column":51},"end":{"line":8,"column":3}},"line":2}},"branchMap":{},"s":{"0":1,"1":1,"2":1,"3":1,"4":1},"f":{"0":1},"b":{},"_coverageSchema":"1a1c01bbd47fc00a2c39e90264f33305004495a9","hash":"334bba1e8fa2fc11dca9384af9054256b01cdc45"}
,"/home/morris/Documents/JAVASCRIPT/todoList/src/dom.js": {"path":"/home/morris/Documents/JAVASCRIPT/todoList/src/dom.js","statementMap":{"0":{"start":{"line":5,"column":14},"end":{"line":5,"column":46}},"1":{"start":{"line":6,"column":20},"end":{"line":6,"column":58}},"2":{"start":{"line":7,"column":14},"end":{"line":7,"column":45}},"3":{"start":{"line":8,"column":17},"end":{"line":8,"column":52}},"4":{"start":{"line":9,"column":18},"end":{"line":9,"column":54}},"5":{"start":{"line":10,"column":15},"end":{"line":10,"column":48}},"6":{"start":{"line":11,"column":14},"end":{"line":11,"column":48}},"7":{"start":{"line":12,"column":20},"end":{"line":12,"column":66}},"8":{"start":{"line":13,"column":24},"end":{"line":13,"column":70}},"9":{"start":{"line":15,"column":17},"end":{"line":15,"column":55}},"10":{"start":{"line":16,"column":23},"end":{"line":16,"column":68}},"11":{"start":{"line":17,"column":21},"end":{"line":17,"column":67}},"12":{"start":{"line":18,"column":14},"end":{"line":18,"column":46}},"13":{"start":{"line":20,"column":17},"end":{"line":20,"column":49}},"14":{"start":{"line":21,"column":19},"end":{"line":21,"column":51}},"15":{"start":{"line":22,"column":20},"end":{"line":22,"column":58}},"16":{"start":{"line":23,"column":20},"end":{"line":23,"column":54}},"17":{"start":{"line":24,"column":13},"end":{"line":36,"column":1}},"18":{"start":{"line":25,"column":22},"end":{"line":25,"column":68}},"19":{"start":{"line":26,"column":16},"end":{"line":26,"column":48}},"20":{"start":{"line":27,"column":22},"end":{"line":27,"column":60}},"21":{"start":{"line":28,"column":16},"end":{"line":28,"column":47}},"22":{"start":{"line":29,"column":19},"end":{"line":29,"column":54}},"23":{"start":{"line":30,"column":20},"end":{"line":30,"column":56}},"24":{"start":{"line":31,"column":17},"end":{"line":31,"column":50}},"25":{"start":{"line":32,"column":16},"end":{"line":32,"column":50}},"26":{"start":{"line":33,"column":2},"end":{"line":35,"column":4}},"27":{"start":{"line":37,"column":21},"end":{"line":57,"column":1}},"28":{"start":{"line":38,"column":12},"end":{"line":38,"column":23}},"29":{"start":{"line":39,"column":12},"end":{"line":39,"column":29}},"30":{"start":{"line":40,"column":12},"end":{"line":40,"column":23}},"31":{"start":{"line":41,"column":2},"end":{"line":45,"column":3}},"32":{"start":{"line":42,"column":4},"end":{"line":42,"column":58}},"33":{"start":{"line":43,"column":4},"end":{"line":43,"column":55}},"34":{"start":{"line":44,"column":4},"end":{"line":44,"column":17}},"35":{"start":{"line":46,"column":2},"end":{"line":50,"column":3}},"36":{"start":{"line":47,"column":4},"end":{"line":47,"column":64}},"37":{"start":{"line":48,"column":4},"end":{"line":48,"column":55}},"38":{"start":{"line":49,"column":4},"end":{"line":49,"column":17}},"39":{"start":{"line":51,"column":2},"end":{"line":55,"column":3}},"40":{"start":{"line":52,"column":4},"end":{"line":52,"column":61}},"41":{"start":{"line":53,"column":4},"end":{"line":53,"column":55}},"42":{"start":{"line":54,"column":4},"end":{"line":54,"column":17}},"43":{"start":{"line":56,"column":2},"end":{"line":56,"column":14}},"44":{"start":{"line":59,"column":16},"end":{"line":59,"column":21}},"45":{"start":{"line":60,"column":24},"end":{"line":79,"column":1}},"46":{"start":{"line":61,"column":22},"end":{"line":61,"column":60}},"47":{"start":{"line":63,"column":2},"end":{"line":78,"column":3}},"48":{"start":{"line":64,"column":4},"end":{"line":64,"column":39}},"49":{"start":{"line":65,"column":4},"end":{"line":65,"column":39}},"50":{"start":{"line":66,"column":4},"end":{"line":66,"column":22}},"51":{"start":{"line":67,"column":4},"end":{"line":67,"column":24}},"52":{"start":{"line":69,"column":43},"end":{"line":69,"column":49}},"53":{"start":{"line":70,"column":4},"end":{"line":70,"column":44}},"54":{"start":{"line":72,"column":4},"end":{"line":72,"column":32}},"55":{"start":{"line":73,"column":4},"end":{"line":73,"column":39}},"56":{"start":{"line":74,"column":4},"end":{"line":74,"column":39}},"57":{"start":{"line":75,"column":4},"end":{"line":75,"column":34}},"58":{"start":{"line":76,"column":4},"end":{"line":76,"column":21}},"59":{"start":{"line":77,"column":4},"end":{"line":77,"column":24}},"60":{"start":{"line":81,"column":17},"end":{"line":92,"column":1}},"61":{"start":{"line":82,"column":2},"end":{"line":82,"column":20}},"62":{"start":{"line":85,"column":6},"end":{"line":85,"column":12}},"63":{"start":{"line":86,"column":2},"end":{"line":86,"column":27}},"64":{"start":{"line":87,"column":2},"end":{"line":87,"column":39}},"65":{"start":{"line":88,"column":2},"end":{"line":88,"column":33}},"66":{"start":{"line":89,"column":2},"end":{"line":89,"column":27}},"67":{"start":{"line":90,"column":2},"end":{"line":90,"column":26}},"68":{"start":{"line":91,"column":2},"end":{"line":91,"column":31}},"69":{"start":{"line":94,"column":17},"end":{"line":106,"column":1}},"70":{"start":{"line":95,"column":19},"end":{"line":95,"column":62}},"71":{"start":{"line":97,"column":2},"end":{"line":105,"column":5}},"72":{"start":{"line":98,"column":4},"end":{"line":100,"column":5}},"73":{"start":{"line":99,"column":6},"end":{"line":99,"column":50}},"74":{"start":{"line":101,"column":4},"end":{"line":103,"column":5}},"75":{"start":{"line":102,"column":6},"end":{"line":102,"column":50}},"76":{"start":{"line":104,"column":4},"end":{"line":104,"column":47}},"77":{"start":{"line":108,"column":19},"end":{"line":118,"column":1}},"78":{"start":{"line":109,"column":20},"end":{"line":109,"column":30}},"79":{"start":{"line":110,"column":27},"end":{"line":110,"column":78}},"80":{"start":{"line":110,"column":48},"end":{"line":110,"column":77}},"81":{"start":{"line":111,"column":2},"end":{"line":111,"column":46}},"82":{"start":{"line":113,"column":2},"end":{"line":115,"column":3}},"83":{"start":{"line":114,"column":4},"end":{"line":114,"column":36}},"84":{"start":{"line":116,"column":2},"end":{"line":116,"column":9}},"85":{"start":{"line":117,"column":2},"end":{"line":117,"column":26}},"86":{"start":{"line":120,"column":23},"end":{"line":134,"column":1}},"87":{"start":{"line":121,"column":2},"end":{"line":121,"column":22}},"88":{"start":{"line":123,"column":2},"end":{"line":133,"column":5}},"89":{"start":{"line":124,"column":20},"end":{"line":124,"column":48}},"90":{"start":{"line":125,"column":4},"end":{"line":125,"column":37}},"91":{"start":{"line":126,"column":4},"end":{"line":126,"column":45}},"92":{"start":{"line":127,"column":4},"end":{"line":127,"column":43}},"93":{"start":{"line":128,"column":4},"end":{"line":128,"column":34}},"94":{"start":{"line":129,"column":4},"end":{"line":131,"column":5}},"95":{"start":{"line":130,"column":6},"end":{"line":130,"column":38}},"96":{"start":{"line":132,"column":4},"end":{"line":132,"column":34}},"97":{"start":{"line":136,"column":20},"end":{"line":162,"column":1}},"98":{"start":{"line":137,"column":2},"end":{"line":161,"column":5}},"99":{"start":{"line":138,"column":21},"end":{"line":138,"column":68}},"100":{"start":{"line":139,"column":17},"end":{"line":139,"column":48}},"101":{"start":{"line":140,"column":22},"end":{"line":140,"column":59}},"102":{"start":{"line":141,"column":4},"end":{"line":141,"column":37}},"103":{"start":{"line":142,"column":28},"end":{"line":142,"column":71}},"104":{"start":{"line":143,"column":4},"end":{"line":143,"column":49}},"105":{"start":{"line":144,"column":25},"end":{"line":144,"column":65}},"106":{"start":{"line":145,"column":4},"end":{"line":145,"column":43}},"107":{"start":{"line":146,"column":4},"end":{"line":146,"column":38}},"108":{"start":{"line":147,"column":22},"end":{"line":147,"column":60}},"109":{"start":{"line":148,"column":4},"end":{"line":148,"column":49}},"110":{"start":{"line":149,"column":20},"end":{"line":149,"column":55}},"111":{"start":{"line":150,"column":18},"end":{"line":150,"column":48}},"112":{"start":{"line":152,"column":4},"end":{"line":152,"column":67}},"113":{"start":{"line":152,"column":44},"end":{"line":152,"column":65}},"114":{"start":{"line":153,"column":26},"end":{"line":153,"column":63}},"115":{"start":{"line":154,"column":4},"end":{"line":158,"column":7}},"116":{"start":{"line":155,"column":26},"end":{"line":155,"column":56}},"117":{"start":{"line":156,"column":6},"end":{"line":156,"column":36}},"118":{"start":{"line":157,"column":6},"end":{"line":157,"column":34}},"119":{"start":{"line":159,"column":4},"end":{"line":159,"column":32}},"120":{"start":{"line":160,"column":4},"end":{"line":160,"column":15}}},"fnMap":{"0":{"name":"(anonymous_0)","decl":{"start":{"line":24,"column":13},"end":{"line":24,"column":14}},"loc":{"start":{"line":24,"column":19},"end":{"line":36,"column":1}},"line":24},"1":{"name":"(anonymous_1)","decl":{"start":{"line":37,"column":21},"end":{"line":37,"column":22}},"loc":{"start":{"line":37,"column":27},"end":{"line":57,"column":1}},"line":37},"2":{"name":"(anonymous_2)","decl":{"start":{"line":60,"column":24},"end":{"line":60,"column":25}},"loc":{"start":{"line":60,"column":30},"end":{"line":79,"column":1}},"line":60},"3":{"name":"(anonymous_3)","decl":{"start":{"line":81,"column":17},"end":{"line":81,"column":18}},"loc":{"start":{"line":81,"column":34},"end":{"line":92,"column":1}},"line":81},"4":{"name":"(anonymous_4)","decl":{"start":{"line":94,"column":17},"end":{"line":94,"column":18}},"loc":{"start":{"line":94,"column":23},"end":{"line":106,"column":1}},"line":94},"5":{"name":"(anonymous_5)","decl":{"start":{"line":97,"column":19},"end":{"line":97,"column":20}},"loc":{"start":{"line":97,"column":32},"end":{"line":105,"column":3}},"line":97},"6":{"name":"(anonymous_6)","decl":{"start":{"line":108,"column":19},"end":{"line":108,"column":20}},"loc":{"start":{"line":108,"column":35},"end":{"line":118,"column":1}},"line":108},"7":{"name":"(anonymous_7)","decl":{"start":{"line":110,"column":38},"end":{"line":110,"column":39}},"loc":{"start":{"line":110,"column":48},"end":{"line":110,"column":77}},"line":110},"8":{"name":"(anonymous_8)","decl":{"start":{"line":120,"column":23},"end":{"line":120,"column":24}},"loc":{"start":{"line":120,"column":29},"end":{"line":134,"column":1}},"line":120},"9":{"name":"(anonymous_9)","decl":{"start":{"line":123,"column":16},"end":{"line":123,"column":17}},"loc":{"start":{"line":123,"column":26},"end":{"line":133,"column":3}},"line":123},"10":{"name":"(anonymous_10)","decl":{"start":{"line":136,"column":20},"end":{"line":136,"column":21}},"loc":{"start":{"line":136,"column":36},"end":{"line":162,"column":1}},"line":136},"11":{"name":"(anonymous_11)","decl":{"start":{"line":137,"column":27},"end":{"line":137,"column":28}},"loc":{"start":{"line":137,"column":37},"end":{"line":161,"column":3}},"line":137},"12":{"name":"(anonymous_12)","decl":{"start":{"line":152,"column":38},"end":{"line":152,"column":39}},"loc":{"start":{"line":152,"column":44},"end":{"line":152,"column":65}},"line":152},"13":{"name":"(anonymous_13)","decl":{"start":{"line":154,"column":44},"end":{"line":154,"column":45}},"loc":{"start":{"line":154,"column":50},"end":{"line":158,"column":5}},"line":154}},"branchMap":{"0":{"loc":{"start":{"line":41,"column":2},"end":{"line":45,"column":3}},"type":"if","locations":[{"start":{"line":41,"column":2},"end":{"line":45,"column":3}},{"start":{"line":41,"column":2},"end":{"line":45,"column":3}}],"line":41},"1":{"loc":{"start":{"line":46,"column":2},"end":{"line":50,"column":3}},"type":"if","locations":[{"start":{"line":46,"column":2},"end":{"line":50,"column":3}},{"start":{"line":46,"column":2},"end":{"line":50,"column":3}}],"line":46},"2":{"loc":{"start":{"line":51,"column":2},"end":{"line":55,"column":3}},"type":"if","locations":[{"start":{"line":51,"column":2},"end":{"line":55,"column":3}},{"start":{"line":51,"column":2},"end":{"line":55,"column":3}}],"line":51},"3":{"loc":{"start":{"line":63,"column":2},"end":{"line":78,"column":3}},"type":"if","locations":[{"start":{"line":63,"column":2},"end":{"line":78,"column":3}},{"start":{"line":63,"column":2},"end":{"line":78,"column":3}}],"line":63},"4":{"loc":{"start":{"line":98,"column":4},"end":{"line":100,"column":5}},"type":"if","locations":[{"start":{"line":98,"column":4},"end":{"line":100,"column":5}},{"start":{"line":98,"column":4},"end":{"line":100,"column":5}}],"line":98},"5":{"loc":{"start":{"line":101,"column":4},"end":{"line":103,"column":5}},"type":"if","locations":[{"start":{"line":101,"column":4},"end":{"line":103,"column":5}},{"start":{"line":101,"column":4},"end":{"line":103,"column":5}}],"line":101},"6":{"loc":{"start":{"line":113,"column":2},"end":{"line":115,"column":3}},"type":"if","locations":[{"start":{"line":113,"column":2},"end":{"line":115,"column":3}},{"start":{"line":113,"column":2},"end":{"line":115,"column":3}}],"line":113},"7":{"loc":{"start":{"line":129,"column":4},"end":{"line":131,"column":5}},"type":"if","locations":[{"start":{"line":129,"column":4},"end":{"line":131,"column":5}},{"start":{"line":129,"column":4},"end":{"line":131,"column":5}}],"line":129}},"s":{"0":1,"1":1,"2":1,"3":1,"4":1,"5":1,"6":1,"7":1,"8":1,"9":1,"10":1,"11":1,"12":1,"13":1,"14":1,"15":1,"16":1,"17":1,"18":2,"19":2,"20":2,"21":2,"22":2,"23":2,"24":2,"25":2,"26":2,"27":1,"28":0,"29":0,"30":0,"31":0,"32":0,"33":0,"34":0,"35":0,"36":0,"37":0,"38":0,"39":0,"40":0,"41":0,"42":0,"43":0,"44":1,"45":1,"46":1,"47":1,"48":0,"49":0,"50":0,"51":0,"52":1,"53":1,"54":1,"55":1,"56":1,"57":1,"58":1,"59":1,"60":1,"61":1,"62":1,"63":1,"64":1,"65":1,"66":1,"67":1,"68":1,"69":1,"70":0,"71":0,"72":0,"73":0,"74":0,"75":0,"76":0,"77":1,"78":0,"79":0,"80":0,"81":0,"82":0,"83":0,"84":0,"85":0,"86":1,"87":0,"88":0,"89":0,"90":0,"91":0,"92":0,"93":0,"94":0,"95":0,"96":0,"97":1,"98":0,"99":0,"100":0,"101":0,"102":0,"103":0,"104":0,"105":0,"106":0,"107":0,"108":0,"109":0,"110":0,"111":0,"112":0,"113":0,"114":0,"115":0,"116":0,"117":0,"118":0,"119":0,"120":0},"f":{"0":2,"1":0,"2":1,"3":1,"4":0,"5":0,"6":0,"7":0,"8":0,"9":0,"10":0,"11":0,"12":0,"13":0},"b":{"0":[0,0],"1":[0,0],"2":[0,0],"3":[0,1],"4":[0,0],"5":[0,0],"6":[0,0],"7":[0,0]},"_coverageSchema":"1a1c01bbd47fc00a2c39e90264f33305004495a9","hash":"74e9cfd6235a24c71e68afbac62ee92763a34c98"}
,"/home/morris/Documents/JAVASCRIPT/todoList/src/localStorage.js": {"path":"/home/morris/Documents/JAVASCRIPT/todoList/src/localStorage.js","statementMap":{"0":{"start":{"line":1,"column":34},"end":{"line":1,"column":46}},"1":{"start":{"line":2,"column":38},"end":{"line":2,"column":55}},"2":{"start":{"line":4,"column":14},"end":{"line":4,"column":79}},"3":{"start":{"line":6,"column":15},"end":{"line":8,"column":1}},"4":{"start":{"line":10,"column":13},"end":{"line":13,"column":1}},"5":{"start":{"line":11,"column":2},"end":{"line":11,"column":73}},"6":{"start":{"line":12,"column":2},"end":{"line":12,"column":73}},"7":{"start":{"line":15,"column":18},"end":{"line":19,"column":1}},"8":{"start":{"line":16,"column":2},"end":{"line":18,"column":3}},"9":{"start":{"line":17,"column":4},"end":{"line":17,"column":38}}},"fnMap":{"0":{"name":"(anonymous_0)","decl":{"start":{"line":10,"column":13},"end":{"line":10,"column":14}},"loc":{"start":{"line":10,"column":19},"end":{"line":13,"column":1}},"line":10},"1":{"name":"(anonymous_1)","decl":{"start":{"line":15,"column":18},"end":{"line":15,"column":19}},"loc":{"start":{"line":15,"column":28},"end":{"line":19,"column":1}},"line":15}},"branchMap":{"0":{"loc":{"start":{"line":4,"column":14},"end":{"line":4,"column":79}},"type":"binary-expr","locations":[{"start":{"line":4,"column":14},"end":{"line":4,"column":73}},{"start":{"line":4,"column":77},"end":{"line":4,"column":79}}],"line":4}},"s":{"0":2,"1":2,"2":2,"3":2,"4":2,"5":1,"6":1,"7":2,"8":1,"9":9},"f":{"0":1,"1":1},"b":{"0":[2,2]},"_coverageSchema":"1a1c01bbd47fc00a2c39e90264f33305004495a9","hash":"e5487b500eff4a9d63a61b0f526d3a4961fbf397"}
}
